<?xml version="1.0" encoding="UTF-8"?>
<testsuite name="com.kingland.neusoft.gradle.impl.MyTestServiceImplTest" tests="1" skipped="0" failures="0" errors="0" timestamp="2024-04-08T08:50:30" hostname="L50592" time="1.103">
  <properties/>
  <testcase name="testSayHello" classname="com.kingland.neusoft.gradle.impl.MyTestServiceImplTest" time="1.103"/>
  <system-out><![CDATA[]]></system-out>
  <system-err><![CDATA[]]></system-err>
</testsuite>
