<?xml version="1.0" encoding="UTF-8"?>
<testsuite name="com.kingland.neusoft.gradle.impl.MyTestServiceImplTest" tests="1" skipped="0" failures="0" errors="0" timestamp="2023-03-04T13:09:10" hostname="L50592" time="0.787">
  <properties/>
  <testcase name="testSayHello" classname="com.kingland.neusoft.gradle.impl.MyTestServiceImplTest" time="0.787"/>
  <system-out><![CDATA[]]></system-out>
  <system-err><![CDATA[]]></system-err>
</testsuite>
